<?xml version="1.0" encoding="UTF-8"?>
<testsuite xmlns:xsi="http://www.w3.org/2001/XMLSchema-instance" xsi:noNamespaceSchemaLocation="https://maven.apache.org/surefire/maven-surefire-plugin/xsd/surefire-test-report-3.0.xsd" version="3.0" name="com.example.ecv3Elguera.Ecv3ElgueraApplicationTests" time="17.118" tests="1" errors="0" skipped="0" failures="0">
  <properties>
[...]
</properties>
  <testcase name="contextLoads" classname="com.example.ecv3Elguera.Ecv3ElgueraApplicationTests" time="1.332">
    <system-out><![CDATA[14:04:46.366 [main] INFO org.springframework.test.context.support.AnnotationConfigContextLoaderUtils -- Could not detect default configuration classes for test class [com.example.ecv3Elguera.Ecv3ElgueraApplicationTests]: Ecv3ElgueraApplicationTests does not declare any static, non-private, non-final, nested classes annotated with @Configuration.
14:04:46.610 [main] INFO org.springframework.boot.test.context.SpringBootTestContextBootstrapper -- Found @SpringBootConfiguration com.example.ecv3Elguera.Ecv3ElgueraApplication for test class com.example.ecv3Elguera.Ecv3ElgueraApplicationTests

  .   ____          _            __ _ _
 /\\ / ___'_ __ _ _(_)_ __  __ _ \ \ \ \
( ( )\___ | '_ | '_| | '_ \/ _` | \ \ \ \
 \\/  ___)| |_)| | | | | || (_| |  ) ) ) )
  '  |____| .__|_| |_|_| |_\__, | / / / /
 =========|_|==============|___/=/_/_/_/
 :: Spring Boot ::                (v3.1.2)

2023-07-24T14:04:47.910-05:00  INFO 11332 --- [           main] c.e.e.Ecv3ElgueraApplicationTests        : Starting Ecv3ElgueraApplicationTests using Java 17.0.7 with PID 11332 (started by rodrigo in c:\Users\rodrigo\Desktop\aca\Evc3-rest-api)
2023-07-24T14:04:47.913-05:00  INFO 11332 --- [           main] c.e.e.Ecv3ElgueraApplicationTests        : No active profile set, falling back to 1 default profile: "default"
2023-07-24T14:04:49.356-05:00  INFO 11332 --- [           main] .s.d.r.c.RepositoryConfigurationDelegate : Bootstrapping Spring Data JPA repositories in DEFAULT mode.
2023-07-24T14:04:49.488-05:00  INFO 11332 --- [           main] .s.d.r.c.RepositoryConfigurationDelegate : Finished Spring Data repository scanning in 116 ms. Found 2 JPA repository interfaces.
2023-07-24T14:04:50.405-05:00  INFO 11332 --- [           main] o.hibernate.jpa.internal.util.LogHelper  : HHH000204: Processing PersistenceUnitInfo [name: default]
2023-07-24T14:04:50.554-05:00  INFO 11332 --- [           main] org.hibernate.Version                    : HHH000412: Hibernate ORM core version 6.2.6.Final
2023-07-24T14:04:50.559-05:00  INFO 11332 --- [           main] org.hibernate.cfg.Environment            : HHH000406: Using bytecode reflection optimizer
2023-07-24T14:04:51.073-05:00  INFO 11332 --- [           main] o.h.b.i.BytecodeProviderInitiator        : HHH000021: Bytecode provider name : bytebuddy
2023-07-24T14:04:51.446-05:00  INFO 11332 --- [           main] o.s.o.j.p.SpringPersistenceUnitInfo      : No LoadTimeWeaver setup: ignoring JPA class transformer
2023-07-24T14:04:51.520-05:00  INFO 11332 --- [           main] com.zaxxer.hikari.HikariDataSource       : HikariPool-1 - Starting...
2023-07-24T14:04:54.275-05:00  INFO 11332 --- [           main] com.zaxxer.hikari.pool.HikariPool        : HikariPool-1 - Added connection org.postgresql.jdbc.PgConnection@3d4ecc67
2023-07-24T14:04:54.278-05:00  INFO 11332 --- [           main] com.zaxxer.hikari.HikariDataSource       : HikariPool-1 - Start completed.
2023-07-24T14:04:55.627-05:00  INFO 11332 --- [           main] o.h.b.i.BytecodeProviderInitiator        : HHH000021: Bytecode provider name : bytebuddy
2023-07-24T14:04:57.287-05:00  INFO 11332 --- [           main] o.h.e.t.j.p.i.JtaPlatformInitiator       : HHH000490: Using JtaPlatform implementation: [org.hibernate.engine.transaction.jta.platform.internal.NoJtaPlatform]
2023-07-24T14:04:58.964-05:00  INFO 11332 --- [           main] j.LocalContainerEntityManagerFactoryBean : Initialized JPA EntityManagerFactory for persistence unit 'default'
2023-07-24T14:04:59.244-05:00  WARN 11332 --- [           main] JpaBaseConfiguration$JpaWebConfiguration : spring.jpa.open-in-view is enabled by default. Therefore, database queries may be performed during view rendering. Explicitly configure spring.jpa.open-in-view to disable this warning
2023-07-24T14:05:01.611-05:00  INFO 11332 --- [           main] c.e.e.Ecv3ElgueraApplicationTests        : Started Ecv3ElgueraApplicationTests in 14.549 seconds (process running for 16.899)
]]></system-out>
  </testcase>
</testsuite>